<?xml version="1.0" encoding="UTF-8"?>
<!-- Generated by org.testng.reporters.JUnitXMLReporter -->
<testsuite hostname="DESKTOP-GO35HNG" ignored="0" name="Package with subpackages" tests="1" failures="1" timestamp="01 Sep 2019 11:18:45 GMT" time="2.445" errors="0">
  <testcase name="feature" time="1.487" classname="cucumber.api.testng.AbstractTestNGCucumberTests">
    <failure type="cucumber.runtime.CucumberException" message="java.lang.NullPointerException">
      <![CDATA[cucumber.runtime.CucumberException: java.lang.NullPointerException
at cucumber.api.testng.TestNGCucumberRunner.runCucumber(TestNGCucumberRunner.java:69)
at cucumber.api.testng.AbstractTestNGCucumberTests.feature(AbstractTestNGCucumberTests.java:21)
Caused by: java.lang.NullPointerException
at StepDefinitions.DealCreationForMM.create_a_deal(DealCreationForMM.java:23)
at ✽.When create a deal(Features/Folder1/A.LogIn_Test.feature:28)
... Removed 25 stack frames]]>
    </failure>
  </testcase> <!-- feature -->
</testsuite> <!-- Package with subpackages -->
